{"/media/smaug/DATA/Development/square/src/components/VBtn/VBtn.vue": {"path":"/media/smaug/DATA/Development/square/src/components/VBtn/VBtn.vue","all":false,"statementMap":{"0":{"start":{"line":1,"column":0},"end":{"line":1,"column":0}},"1":{"start":{"line":2,"column":0},"end":{"line":2,"column":10}},"2":{"start":{"line":3,"column":0},"end":{"line":3,"column":99}},"3":{"start":{"line":4,"column":0},"end":{"line":4,"column":8}},"4":{"start":{"line":5,"column":0},"end":{"line":5,"column":14}},"5":{"start":{"line":6,"column":0},"end":{"line":6,"column":9}},"6":{"start":{"line":7,"column":0},"end":{"line":7,"column":10}},"7":{"start":{"line":8,"column":0},"end":{"line":8,"column":11}},"8":{"start":{"line":9,"column":0},"end":{"line":9,"column":0}},"9":{"start":{"line":10,"column":0},"end":{"line":10,"column":24}},"10":{"start":{"line":11,"column":0},"end":{"line":11,"column":44}},"11":{"start":{"line":12,"column":0},"end":{"line":12,"column":0}},"12":{"start":{"line":13,"column":0},"end":{"line":13,"column":40}},"13":{"start":{"line":14,"column":0},"end":{"line":14,"column":22}},"14":{"start":{"line":15,"column":0},"end":{"line":15,"column":16}},"15":{"start":{"line":16,"column":0},"end":{"line":16,"column":19}},"16":{"start":{"line":17,"column":0},"end":{"line":17,"column":28}},"17":{"start":{"line":18,"column":0},"end":{"line":18,"column":0}},"18":{"start":{"line":19,"column":0},"end":{"line":19,"column":9}},"19":{"start":{"line":20,"column":0},"end":{"line":20,"column":19}},"20":{"start":{"line":21,"column":0},"end":{"line":21,"column":21}},"21":{"start":{"line":22,"column":0},"end":{"line":22,"column":18}},"22":{"start":{"line":23,"column":0},"end":{"line":23,"column":19}},"23":{"start":{"line":24,"column":0},"end":{"line":24,"column":19}},"24":{"start":{"line":25,"column":0},"end":{"line":25,"column":16}},"25":{"start":{"line":26,"column":0},"end":{"line":26,"column":0}},"26":{"start":{"line":27,"column":0},"end":{"line":27,"column":23}},"27":{"start":{"line":28,"column":0},"end":{"line":28,"column":7}},"28":{"start":{"line":29,"column":0},"end":{"line":29,"column":15}},"29":{"start":{"line":30,"column":0},"end":{"line":30,"column":16}},"30":{"start":{"line":31,"column":0},"end":{"line":31,"column":0}},"31":{"start":{"line":32,"column":0},"end":{"line":32,"column":16}},"32":{"start":{"line":33,"column":0},"end":{"line":33,"column":18}},"33":{"start":{"line":34,"column":0},"end":{"line":34,"column":15}},"34":{"start":{"line":35,"column":0},"end":{"line":35,"column":16}},"35":{"start":{"line":36,"column":0},"end":{"line":36,"column":16}},"36":{"start":{"line":37,"column":0},"end":{"line":37,"column":13}},"37":{"start":{"line":38,"column":0},"end":{"line":38,"column":0}},"38":{"start":{"line":39,"column":0},"end":{"line":39,"column":20}},"39":{"start":{"line":40,"column":0},"end":{"line":40,"column":3}},"40":{"start":{"line":41,"column":0},"end":{"line":41,"column":0}},"41":{"start":{"line":42,"column":0},"end":{"line":42,"column":23}},"42":{"start":{"line":43,"column":0},"end":{"line":43,"column":36}},"43":{"start":{"line":44,"column":0},"end":{"line":44,"column":2}},"44":{"start":{"line":45,"column":0},"end":{"line":45,"column":0}},"45":{"start":{"line":46,"column":0},"end":{"line":46,"column":30}},"46":{"start":{"line":47,"column":0},"end":{"line":47,"column":47}},"47":{"start":{"line":48,"column":0},"end":{"line":48,"column":51}},"48":{"start":{"line":49,"column":0},"end":{"line":49,"column":45}},"49":{"start":{"line":50,"column":0},"end":{"line":50,"column":47}},"50":{"start":{"line":51,"column":0},"end":{"line":51,"column":47}},"51":{"start":{"line":52,"column":0},"end":{"line":52,"column":41}},"52":{"start":{"line":53,"column":0},"end":{"line":53,"column":11}},"53":{"start":{"line":54,"column":0},"end":{"line":54,"column":3}},"54":{"start":{"line":55,"column":0},"end":{"line":55,"column":0}},"55":{"start":{"line":56,"column":0},"end":{"line":56,"column":38}},"56":{"start":{"line":57,"column":0},"end":{"line":57,"column":26}},"57":{"start":{"line":58,"column":0},"end":{"line":58,"column":3}},"58":{"start":{"line":59,"column":0},"end":{"line":59,"column":9}},"59":{"start":{"line":60,"column":0},"end":{"line":60,"column":0}},"60":{"start":{"line":61,"column":0},"end":{"line":61,"column":44}},"61":{"start":{"line":62,"column":0},"end":{"line":62,"column":0}},"62":{"start":{"line":63,"column":0},"end":{"line":63,"column":8}}},"s":{"0":1,"1":1,"2":1,"3":1,"4":26,"5":1,"6":1,"7":1,"8":1,"9":1,"10":1,"11":1,"12":1,"13":1,"14":1,"15":1,"16":1,"17":1,"18":1,"19":1,"20":1,"21":1,"22":1,"23":1,"24":1,"25":1,"26":1,"27":1,"28":1,"29":1,"30":1,"31":1,"32":1,"33":1,"34":1,"35":1,"36":1,"37":1,"38":1,"39":1,"40":1,"41":1,"42":1,"43":1,"44":1,"45":1,"46":26,"47":26,"48":26,"49":26,"50":26,"51":26,"52":26,"53":26,"54":1,"55":1,"56":26,"57":26,"58":1,"59":1,"60":1,"61":1,"62":1},"branchMap":{"0":{"type":"branch","line":42,"loc":{"start":{"line":42,"column":16},"end":{"line":44,"column":2}},"locations":[{"start":{"line":42,"column":16},"end":{"line":44,"column":2}}]},"1":{"type":"branch","line":46,"loc":{"start":{"line":46,"column":23},"end":{"line":54,"column":3}},"locations":[{"start":{"line":46,"column":23},"end":{"line":54,"column":3}}]},"2":{"type":"branch","line":47,"loc":{"start":{"line":47,"column":20},"end":{"line":48,"column":5}},"locations":[{"start":{"line":47,"column":20},"end":{"line":48,"column":5}}]},"3":{"type":"branch","line":48,"loc":{"start":{"line":48,"column":1},"end":{"line":48,"column":29}},"locations":[{"start":{"line":48,"column":1},"end":{"line":48,"column":29}}]},"4":{"type":"branch","line":48,"loc":{"start":{"line":48,"column":22},"end":{"line":49,"column":5}},"locations":[{"start":{"line":48,"column":22},"end":{"line":49,"column":5}}]},"5":{"type":"branch","line":49,"loc":{"start":{"line":49,"column":1},"end":{"line":49,"column":26}},"locations":[{"start":{"line":49,"column":1},"end":{"line":49,"column":26}}]},"6":{"type":"branch","line":49,"loc":{"start":{"line":49,"column":19},"end":{"line":50,"column":5}},"locations":[{"start":{"line":49,"column":19},"end":{"line":50,"column":5}}]},"7":{"type":"branch","line":50,"loc":{"start":{"line":50,"column":1},"end":{"line":50,"column":27}},"locations":[{"start":{"line":50,"column":1},"end":{"line":50,"column":27}}]},"8":{"type":"branch","line":50,"loc":{"start":{"line":50,"column":20},"end":{"line":51,"column":5}},"locations":[{"start":{"line":50,"column":20},"end":{"line":51,"column":5}}]},"9":{"type":"branch","line":51,"loc":{"start":{"line":51,"column":1},"end":{"line":51,"column":27}},"locations":[{"start":{"line":51,"column":1},"end":{"line":51,"column":27}}]},"10":{"type":"branch","line":51,"loc":{"start":{"line":51,"column":20},"end":{"line":52,"column":5}},"locations":[{"start":{"line":51,"column":20},"end":{"line":52,"column":5}}]},"11":{"type":"branch","line":52,"loc":{"start":{"line":52,"column":1},"end":{"line":52,"column":24}},"locations":[{"start":{"line":52,"column":1},"end":{"line":52,"column":24}}]},"12":{"type":"branch","line":52,"loc":{"start":{"line":52,"column":17},"end":{"line":53,"column":8}},"locations":[{"start":{"line":52,"column":17},"end":{"line":53,"column":8}}]},"13":{"type":"branch","line":53,"loc":{"start":{"line":53,"column":1},"end":{"line":54,"column":1}},"locations":[{"start":{"line":53,"column":1},"end":{"line":54,"column":1}}]},"14":{"type":"branch","line":56,"loc":{"start":{"line":56,"column":31},"end":{"line":58,"column":3}},"locations":[{"start":{"line":56,"column":31},"end":{"line":58,"column":3}}]},"15":{"type":"branch","line":4,"loc":{"start":{"line":4,"column":2},"end":{"line":5,"column":14}},"locations":[{"start":{"line":4,"column":2},"end":{"line":5,"column":14}}]}},"b":{"0":[1],"1":[26],"2":[4],"3":[22],"4":[4],"5":[18],"6":[4],"7":[14],"8":[4],"9":[10],"10":[4],"11":[6],"12":[4],"13":[2],"14":[26],"15":[26]},"fnMap":{"0":{"name":"onClick","decl":{"start":{"line":42,"column":16},"end":{"line":44,"column":2}},"loc":{"start":{"line":42,"column":16},"end":{"line":44,"column":2}},"line":42}},"f":{"0":1}}
}
